<?xml version="1.0" encoding="UTF-8"?>
<!-- Generated by org.testng.reporters.JUnitXMLReporter -->
<testsuite ignored="0" hostname="DESKTOP-HCVDGHA" failures="5" tests="21" name="Test" time="320.877" errors="0" timestamp="2022-08-03T00:49:33 IST">
  <testcase classname="Test.BaseClass" name="sampleTest" time="0.012"/>
  <testcase classname="Test.ValidLoginTest" name="LoginTest" time="13.331"/>
  <testcase classname="Test.HomeTest" name="HomeScreen" time="4.365"/>
  <testcase classname="Test.BaseClass" name="sampleTest" time="0.003"/>
  <testcase classname="Test.ValidLoginTest" name="LoginTest" time="13.254"/>
  <testcase classname="Test.AddNewCustomer" name="AddnewCust" time="9.953"/>
  <testcase classname="Test.BaseClass" name="sampleTest" time="0.003"/>
  <testcase classname="Test.ValidLoginTest" name="LoginTest" time="12.837"/>
  <testcase classname="Test.AddItems_From_Searchbar" name="Itemsfromsearchbar" time="24.389">
    <failure type="org.openqa.selenium.NoSuchElementException" message="An element could not be located on the page using the given search parameters.
For documentation on this error, please visit: https://selenium.dev/exceptions/#no_such_element
Build info: version: &amp;apos;4.3.0&amp;apos;, revision: &amp;apos;a4995e2c09*&amp;apos;
System info: host: &amp;apos;DESKTOP-HCVDGHA&amp;apos;, ip: &amp;apos;192.168.29.6&amp;apos;, os.name: &amp;apos;Windows 11&amp;apos;, os.arch: &amp;apos;amd64&amp;apos;, os.version: &amp;apos;10.0&amp;apos;, java.version: &amp;apos;17.0.3&amp;apos;
Driver info: io.appium.java_client.android.AndroidDriver
Command: [d8eecaeb-cd22-4d4c-b43d-1f14aab2bc4f, findElement {using=id, value=com.ns.mpos.nukkadshops:id/fragment_cart_relative_layout_customer_details}]
Capabilities {appium:app: D:\Notes\NSPOS\src\mPOS_3_.apk, appium:appPackage: com.ns.mpos.nukkadshops, appium:automationName: uiautomator2, appium:databaseEnabled: false, appium:desired: {app: D:\Notes\NSPOS\src\mPOS_3_.apk, automationName: uiautomator2, deviceName: Manoj Kumar Degala, platformName: android}, appium:deviceApiLevel: 29, appium:deviceManufacturer: HUAWEI, appium:deviceModel: JSN-L42, appium:deviceName: BYS3Y18B18001995, appium:deviceScreenDensity: 480, appium:deviceScreenSize: 1080x2340, appium:deviceUDID: BYS3Y18B18001995, appium:javascriptEnabled: true, appium:locationContextEnabled: false, appium:networkConnectionEnabled: true, appium:pixelRatio: 3, appium:platformVersion: 10, appium:statBarHeight: 85, appium:takesScreenshot: true, appium:viewportRect: {height: 2052, left: 0, top: 85, width: 1080}, appium:warnings: {}, appium:webStorageEnabled: false, platformName: ANDROID}
Session ID: d8eecaeb-cd22-4d4c-b43d-1f14aab2bc4f">
      <![CDATA[org.openqa.selenium.NoSuchElementException: An element could not be located on the page using the given search parameters.
For documentation on this error, please visit: https://selenium.dev/exceptions/#no_such_element
Build info: version: '4.3.0', revision: 'a4995e2c09*'
System info: host: 'DESKTOP-HCVDGHA', ip: '192.168.29.6', os.name: 'Windows 11', os.arch: 'amd64', os.version: '10.0', java.version: '17.0.3'
Driver info: io.appium.java_client.android.AndroidDriver
Command: [d8eecaeb-cd22-4d4c-b43d-1f14aab2bc4f, findElement {using=id, value=com.ns.mpos.nukkadshops:id/fragment_cart_relative_layout_customer_details}]
Capabilities {appium:app: D:\Notes\NSPOS\src\mPOS_3_.apk, appium:appPackage: com.ns.mpos.nukkadshops, appium:automationName: uiautomator2, appium:databaseEnabled: false, appium:desired: {app: D:\Notes\NSPOS\src\mPOS_3_.apk, automationName: uiautomator2, deviceName: Manoj Kumar Degala, platformName: android}, appium:deviceApiLevel: 29, appium:deviceManufacturer: HUAWEI, appium:deviceModel: JSN-L42, appium:deviceName: BYS3Y18B18001995, appium:deviceScreenDensity: 480, appium:deviceScreenSize: 1080x2340, appium:deviceUDID: BYS3Y18B18001995, appium:javascriptEnabled: true, appium:locationContextEnabled: false, appium:networkConnectionEnabled: true, appium:pixelRatio: 3, appium:platformVersion: 10, appium:statBarHeight: 85, appium:takesScreenshot: true, appium:viewportRect: {height: 2052, left: 0, top: 85, width: 1080}, appium:warnings: {}, appium:webStorageEnabled: false, platformName: ANDROID}
Session ID: d8eecaeb-cd22-4d4c-b43d-1f14aab2bc4f
at org.openqa.selenium.remote.codec.w3c.W3CHttpResponseCodec.createException(W3CHttpResponseCodec.java:200)
at org.openqa.selenium.remote.codec.w3c.W3CHttpResponseCodec.decode(W3CHttpResponseCodec.java:133)
at org.openqa.selenium.remote.codec.w3c.W3CHttpResponseCodec.decode(W3CHttpResponseCodec.java:53)
at org.openqa.selenium.remote.HttpCommandExecutor.execute(HttpCommandExecutor.java:184)
at io.appium.java_client.remote.AppiumCommandExecutor.execute(AppiumCommandExecutor.java:180)
at org.openqa.selenium.remote.RemoteWebDriver.execute(RemoteWebDriver.java:569)
at org.openqa.selenium.remote.ElementLocation$ElementFinder$2.findElement(ElementLocation.java:162)
at org.openqa.selenium.remote.ElementLocation.findElement(ElementLocation.java:60)
at org.openqa.selenium.remote.RemoteWebDriver.findElement(RemoteWebDriver.java:387)
at org.openqa.selenium.remote.RemoteWebDriver.findElement(RemoteWebDriver.java:379)
at org.openqa.selenium.support.pagefactory.DefaultElementLocator.findElement(DefaultElementLocator.java:70)
at org.openqa.selenium.support.pagefactory.internal.LocatingElementHandler.invoke(LocatingElementHandler.java:39)
at jdk.proxy2/jdk.proxy2.$Proxy16.click(Unknown Source)
at PageObjects.AddNewCustomerPage.AddCustomerbtn(AddNewCustomerPage.java:55)
at PageObjects.AddNewCustomerPage.AddNewCustomer(AddNewCustomerPage.java:75)
at Test.AddItems_From_Searchbar.Itemsfromsearchbar(AddItems_From_Searchbar.java:34)
at java.base/java.util.ArrayList.forEach(ArrayList.java:1511)
... Removed 32 stack frames]]>
    </failure>
  </testcase> <!-- Itemsfromsearchbar -->
  <testcase classname="Test.BaseClass" name="sampleTest" time="0.003"/>
  <testcase classname="Test.ValidLoginTest" name="LoginTest" time="20.159">
    <failure type="org.openqa.selenium.NoSuchElementException" message="An element could not be located on the page using the given search parameters.
For documentation on this error, please visit: https://selenium.dev/exceptions/#no_such_element
Build info: version: &amp;apos;4.3.0&amp;apos;, revision: &amp;apos;a4995e2c09*&amp;apos;
System info: host: &amp;apos;DESKTOP-HCVDGHA&amp;apos;, ip: &amp;apos;192.168.29.6&amp;apos;, os.name: &amp;apos;Windows 11&amp;apos;, os.arch: &amp;apos;amd64&amp;apos;, os.version: &amp;apos;10.0&amp;apos;, java.version: &amp;apos;17.0.3&amp;apos;
Driver info: io.appium.java_client.android.AndroidDriver
Command: [4a544faf-0eba-4b13-a9fd-fce9cf5b5f7b, findElement {using=class name, value=android.widget.EditText}]
Capabilities {appium:app: D:\Notes\NSPOS\src\mPOS_3_.apk, appium:appPackage: com.ns.mpos.nukkadshops, appium:automationName: uiautomator2, appium:databaseEnabled: false, appium:desired: {app: D:\Notes\NSPOS\src\mPOS_3_.apk, automationName: uiautomator2, deviceName: Manoj Kumar Degala, platformName: android}, appium:deviceApiLevel: 29, appium:deviceManufacturer: HUAWEI, appium:deviceModel: JSN-L42, appium:deviceName: BYS3Y18B18001995, appium:deviceScreenDensity: 480, appium:deviceScreenSize: 1080x2340, appium:deviceUDID: BYS3Y18B18001995, appium:javascriptEnabled: true, appium:locationContextEnabled: false, appium:networkConnectionEnabled: true, appium:pixelRatio: 3, appium:platformVersion: 10, appium:statBarHeight: 85, appium:takesScreenshot: true, appium:viewportRect: {height: 2052, left: 0, top: 85, width: 1080}, appium:warnings: {}, appium:webStorageEnabled: false, platformName: ANDROID}
Session ID: 4a544faf-0eba-4b13-a9fd-fce9cf5b5f7b">
      <![CDATA[org.openqa.selenium.NoSuchElementException: An element could not be located on the page using the given search parameters.
For documentation on this error, please visit: https://selenium.dev/exceptions/#no_such_element
Build info: version: '4.3.0', revision: 'a4995e2c09*'
System info: host: 'DESKTOP-HCVDGHA', ip: '192.168.29.6', os.name: 'Windows 11', os.arch: 'amd64', os.version: '10.0', java.version: '17.0.3'
Driver info: io.appium.java_client.android.AndroidDriver
Command: [4a544faf-0eba-4b13-a9fd-fce9cf5b5f7b, findElement {using=class name, value=android.widget.EditText}]
Capabilities {appium:app: D:\Notes\NSPOS\src\mPOS_3_.apk, appium:appPackage: com.ns.mpos.nukkadshops, appium:automationName: uiautomator2, appium:databaseEnabled: false, appium:desired: {app: D:\Notes\NSPOS\src\mPOS_3_.apk, automationName: uiautomator2, deviceName: Manoj Kumar Degala, platformName: android}, appium:deviceApiLevel: 29, appium:deviceManufacturer: HUAWEI, appium:deviceModel: JSN-L42, appium:deviceName: BYS3Y18B18001995, appium:deviceScreenDensity: 480, appium:deviceScreenSize: 1080x2340, appium:deviceUDID: BYS3Y18B18001995, appium:javascriptEnabled: true, appium:locationContextEnabled: false, appium:networkConnectionEnabled: true, appium:pixelRatio: 3, appium:platformVersion: 10, appium:statBarHeight: 85, appium:takesScreenshot: true, appium:viewportRect: {height: 2052, left: 0, top: 85, width: 1080}, appium:warnings: {}, appium:webStorageEnabled: false, platformName: ANDROID}
Session ID: 4a544faf-0eba-4b13-a9fd-fce9cf5b5f7b
at org.openqa.selenium.remote.codec.w3c.W3CHttpResponseCodec.createException(W3CHttpResponseCodec.java:200)
at org.openqa.selenium.remote.codec.w3c.W3CHttpResponseCodec.decode(W3CHttpResponseCodec.java:133)
at org.openqa.selenium.remote.codec.w3c.W3CHttpResponseCodec.decode(W3CHttpResponseCodec.java:53)
at org.openqa.selenium.remote.HttpCommandExecutor.execute(HttpCommandExecutor.java:184)
at io.appium.java_client.remote.AppiumCommandExecutor.execute(AppiumCommandExecutor.java:180)
at org.openqa.selenium.remote.RemoteWebDriver.execute(RemoteWebDriver.java:569)
at org.openqa.selenium.remote.ElementLocation$ElementFinder$2.findElement(ElementLocation.java:162)
at org.openqa.selenium.remote.ElementLocation.findElement(ElementLocation.java:66)
at org.openqa.selenium.remote.RemoteWebDriver.findElement(RemoteWebDriver.java:387)
at org.openqa.selenium.remote.RemoteWebDriver.findElement(RemoteWebDriver.java:379)
at org.openqa.selenium.support.pagefactory.DefaultElementLocator.findElement(DefaultElementLocator.java:70)
at org.openqa.selenium.support.pagefactory.internal.LocatingElementHandler.invoke(LocatingElementHandler.java:39)
at jdk.proxy2/jdk.proxy2.$Proxy16.sendKeys(Unknown Source)
at PageObjects.LoginPage.Enterusername2(LoginPage.java:39)
at Test.ValidLoginTest.LoginTest(ValidLoginTest.java:24)
at java.base/java.util.ArrayList.forEach(ArrayList.java:1511)
... Removed 32 stack frames]]>
    </failure>
  </testcase> <!-- LoginTest -->
  <testcase classname="Test.PaymentTest" name="Payment" time="20.205">
    <failure type="org.openqa.selenium.NoSuchElementException" message="An element could not be located on the page using the given search parameters.
For documentation on this error, please visit: https://selenium.dev/exceptions/#no_such_element
Build info: version: &amp;apos;4.3.0&amp;apos;, revision: &amp;apos;a4995e2c09*&amp;apos;
System info: host: &amp;apos;DESKTOP-HCVDGHA&amp;apos;, ip: &amp;apos;192.168.29.6&amp;apos;, os.name: &amp;apos;Windows 11&amp;apos;, os.arch: &amp;apos;amd64&amp;apos;, os.version: &amp;apos;10.0&amp;apos;, java.version: &amp;apos;17.0.3&amp;apos;
Driver info: io.appium.java_client.android.AndroidDriver
Command: [4a544faf-0eba-4b13-a9fd-fce9cf5b5f7b, findElement {using=xpath, value=//android.widget.ImageButton[@content-desc=&amp;quot;Open&amp;quot;]}]
Capabilities {appium:app: D:\Notes\NSPOS\src\mPOS_3_.apk, appium:appPackage: com.ns.mpos.nukkadshops, appium:automationName: uiautomator2, appium:databaseEnabled: false, appium:desired: {app: D:\Notes\NSPOS\src\mPOS_3_.apk, automationName: uiautomator2, deviceName: Manoj Kumar Degala, platformName: android}, appium:deviceApiLevel: 29, appium:deviceManufacturer: HUAWEI, appium:deviceModel: JSN-L42, appium:deviceName: BYS3Y18B18001995, appium:deviceScreenDensity: 480, appium:deviceScreenSize: 1080x2340, appium:deviceUDID: BYS3Y18B18001995, appium:javascriptEnabled: true, appium:locationContextEnabled: false, appium:networkConnectionEnabled: true, appium:pixelRatio: 3, appium:platformVersion: 10, appium:statBarHeight: 85, appium:takesScreenshot: true, appium:viewportRect: {height: 2052, left: 0, top: 85, width: 1080}, appium:warnings: {}, appium:webStorageEnabled: false, platformName: ANDROID}
Session ID: 4a544faf-0eba-4b13-a9fd-fce9cf5b5f7b">
      <![CDATA[org.openqa.selenium.NoSuchElementException: An element could not be located on the page using the given search parameters.
For documentation on this error, please visit: https://selenium.dev/exceptions/#no_such_element
Build info: version: '4.3.0', revision: 'a4995e2c09*'
System info: host: 'DESKTOP-HCVDGHA', ip: '192.168.29.6', os.name: 'Windows 11', os.arch: 'amd64', os.version: '10.0', java.version: '17.0.3'
Driver info: io.appium.java_client.android.AndroidDriver
Command: [4a544faf-0eba-4b13-a9fd-fce9cf5b5f7b, findElement {using=xpath, value=//android.widget.ImageButton[@content-desc="Open"]}]
Capabilities {appium:app: D:\Notes\NSPOS\src\mPOS_3_.apk, appium:appPackage: com.ns.mpos.nukkadshops, appium:automationName: uiautomator2, appium:databaseEnabled: false, appium:desired: {app: D:\Notes\NSPOS\src\mPOS_3_.apk, automationName: uiautomator2, deviceName: Manoj Kumar Degala, platformName: android}, appium:deviceApiLevel: 29, appium:deviceManufacturer: HUAWEI, appium:deviceModel: JSN-L42, appium:deviceName: BYS3Y18B18001995, appium:deviceScreenDensity: 480, appium:deviceScreenSize: 1080x2340, appium:deviceUDID: BYS3Y18B18001995, appium:javascriptEnabled: true, appium:locationContextEnabled: false, appium:networkConnectionEnabled: true, appium:pixelRatio: 3, appium:platformVersion: 10, appium:statBarHeight: 85, appium:takesScreenshot: true, appium:viewportRect: {height: 2052, left: 0, top: 85, width: 1080}, appium:warnings: {}, appium:webStorageEnabled: false, platformName: ANDROID}
Session ID: 4a544faf-0eba-4b13-a9fd-fce9cf5b5f7b
at org.openqa.selenium.remote.codec.w3c.W3CHttpResponseCodec.createException(W3CHttpResponseCodec.java:200)
at org.openqa.selenium.remote.codec.w3c.W3CHttpResponseCodec.decode(W3CHttpResponseCodec.java:133)
at org.openqa.selenium.remote.codec.w3c.W3CHttpResponseCodec.decode(W3CHttpResponseCodec.java:53)
at org.openqa.selenium.remote.HttpCommandExecutor.execute(HttpCommandExecutor.java:184)
at io.appium.java_client.remote.AppiumCommandExecutor.execute(AppiumCommandExecutor.java:180)
at org.openqa.selenium.remote.RemoteWebDriver.execute(RemoteWebDriver.java:569)
at org.openqa.selenium.remote.ElementLocation$ElementFinder$2.findElement(ElementLocation.java:162)
at org.openqa.selenium.remote.ElementLocation.findElement(ElementLocation.java:60)
at org.openqa.selenium.remote.RemoteWebDriver.findElement(RemoteWebDriver.java:387)
at org.openqa.selenium.remote.RemoteWebDriver.findElement(RemoteWebDriver.java:379)
at org.openqa.selenium.support.pagefactory.DefaultElementLocator.findElement(DefaultElementLocator.java:70)
at org.openqa.selenium.support.pagefactory.internal.LocatingElementHandler.invoke(LocatingElementHandler.java:39)
at jdk.proxy2/jdk.proxy2.$Proxy16.click(Unknown Source)
at PageObjects.MenuSelectionPage.Openslidermenu(MenuSelectionPage.java:83)
at PageObjects.MenuSelectionPage.Billing(MenuSelectionPage.java:164)
at Test.PaymentTest.Payment(PaymentTest.java:29)
at java.base/java.util.ArrayList.forEach(ArrayList.java:1511)
... Removed 32 stack frames]]>
    </failure>
  </testcase> <!-- Payment -->
  <testcase classname="Test.BaseClass" name="sampleTest" time="0.003"/>
  <testcase classname="Test.ValidLoginTest" name="LoginTest" time="12.586"/>
  <testcase classname="Test.PriceTypeChangeTest" name="RetailType" time="26.7"/>
  <testcase classname="Test.BaseClass" name="sampleTest" time="0.001"/>
  <testcase classname="Test.ValidLoginTest" name="LoginTest" time="20.173">
    <failure type="org.openqa.selenium.NoSuchElementException" message="An element could not be located on the page using the given search parameters.
For documentation on this error, please visit: https://selenium.dev/exceptions/#no_such_element
Build info: version: &amp;apos;4.3.0&amp;apos;, revision: &amp;apos;a4995e2c09*&amp;apos;
System info: host: &amp;apos;DESKTOP-HCVDGHA&amp;apos;, ip: &amp;apos;192.168.29.6&amp;apos;, os.name: &amp;apos;Windows 11&amp;apos;, os.arch: &amp;apos;amd64&amp;apos;, os.version: &amp;apos;10.0&amp;apos;, java.version: &amp;apos;17.0.3&amp;apos;
Driver info: io.appium.java_client.android.AndroidDriver
Command: [b2316a8c-84d0-474c-965d-51be4c8745a7, findElement {using=class name, value=android.widget.EditText}]
Capabilities {appium:app: D:\Notes\NSPOS\src\mPOS_3_.apk, appium:appPackage: com.ns.mpos.nukkadshops, appium:automationName: uiautomator2, appium:databaseEnabled: false, appium:desired: {app: D:\Notes\NSPOS\src\mPOS_3_.apk, automationName: uiautomator2, deviceName: Manoj Kumar Degala, platformName: android}, appium:deviceApiLevel: 29, appium:deviceManufacturer: HUAWEI, appium:deviceModel: JSN-L42, appium:deviceName: BYS3Y18B18001995, appium:deviceScreenDensity: 480, appium:deviceScreenSize: 1080x2340, appium:deviceUDID: BYS3Y18B18001995, appium:javascriptEnabled: true, appium:locationContextEnabled: false, appium:networkConnectionEnabled: true, appium:pixelRatio: 3, appium:platformVersion: 10, appium:statBarHeight: 85, appium:takesScreenshot: true, appium:viewportRect: {height: 2052, left: 0, top: 85, width: 1080}, appium:warnings: {}, appium:webStorageEnabled: false, platformName: ANDROID}
Session ID: b2316a8c-84d0-474c-965d-51be4c8745a7">
      <![CDATA[org.openqa.selenium.NoSuchElementException: An element could not be located on the page using the given search parameters.
For documentation on this error, please visit: https://selenium.dev/exceptions/#no_such_element
Build info: version: '4.3.0', revision: 'a4995e2c09*'
System info: host: 'DESKTOP-HCVDGHA', ip: '192.168.29.6', os.name: 'Windows 11', os.arch: 'amd64', os.version: '10.0', java.version: '17.0.3'
Driver info: io.appium.java_client.android.AndroidDriver
Command: [b2316a8c-84d0-474c-965d-51be4c8745a7, findElement {using=class name, value=android.widget.EditText}]
Capabilities {appium:app: D:\Notes\NSPOS\src\mPOS_3_.apk, appium:appPackage: com.ns.mpos.nukkadshops, appium:automationName: uiautomator2, appium:databaseEnabled: false, appium:desired: {app: D:\Notes\NSPOS\src\mPOS_3_.apk, automationName: uiautomator2, deviceName: Manoj Kumar Degala, platformName: android}, appium:deviceApiLevel: 29, appium:deviceManufacturer: HUAWEI, appium:deviceModel: JSN-L42, appium:deviceName: BYS3Y18B18001995, appium:deviceScreenDensity: 480, appium:deviceScreenSize: 1080x2340, appium:deviceUDID: BYS3Y18B18001995, appium:javascriptEnabled: true, appium:locationContextEnabled: false, appium:networkConnectionEnabled: true, appium:pixelRatio: 3, appium:platformVersion: 10, appium:statBarHeight: 85, appium:takesScreenshot: true, appium:viewportRect: {height: 2052, left: 0, top: 85, width: 1080}, appium:warnings: {}, appium:webStorageEnabled: false, platformName: ANDROID}
Session ID: b2316a8c-84d0-474c-965d-51be4c8745a7
at org.openqa.selenium.remote.codec.w3c.W3CHttpResponseCodec.createException(W3CHttpResponseCodec.java:200)
at org.openqa.selenium.remote.codec.w3c.W3CHttpResponseCodec.decode(W3CHttpResponseCodec.java:133)
at org.openqa.selenium.remote.codec.w3c.W3CHttpResponseCodec.decode(W3CHttpResponseCodec.java:53)
at org.openqa.selenium.remote.HttpCommandExecutor.execute(HttpCommandExecutor.java:184)
at io.appium.java_client.remote.AppiumCommandExecutor.execute(AppiumCommandExecutor.java:180)
at org.openqa.selenium.remote.RemoteWebDriver.execute(RemoteWebDriver.java:569)
at org.openqa.selenium.remote.ElementLocation$ElementFinder$2.findElement(ElementLocation.java:162)
at org.openqa.selenium.remote.ElementLocation.findElement(ElementLocation.java:66)
at org.openqa.selenium.remote.RemoteWebDriver.findElement(RemoteWebDriver.java:387)
at org.openqa.selenium.remote.RemoteWebDriver.findElement(RemoteWebDriver.java:379)
at org.openqa.selenium.support.pagefactory.DefaultElementLocator.findElement(DefaultElementLocator.java:70)
at org.openqa.selenium.support.pagefactory.internal.LocatingElementHandler.invoke(LocatingElementHandler.java:39)
at jdk.proxy2/jdk.proxy2.$Proxy16.sendKeys(Unknown Source)
at PageObjects.LoginPage.Enterusername2(LoginPage.java:39)
at Test.ValidLoginTest.LoginTest(ValidLoginTest.java:24)
at java.base/java.util.ArrayList.forEach(ArrayList.java:1511)
... Removed 32 stack frames]]>
    </failure>
  </testcase> <!-- LoginTest -->
  <testcase classname="Test.WholeSalePriceChangeTest" name="Wholesaleprice" time="20.121">
    <failure type="org.openqa.selenium.NoSuchElementException" message="An element could not be located on the page using the given search parameters.
For documentation on this error, please visit: https://selenium.dev/exceptions/#no_such_element
Build info: version: &amp;apos;4.3.0&amp;apos;, revision: &amp;apos;a4995e2c09*&amp;apos;
System info: host: &amp;apos;DESKTOP-HCVDGHA&amp;apos;, ip: &amp;apos;192.168.29.6&amp;apos;, os.name: &amp;apos;Windows 11&amp;apos;, os.arch: &amp;apos;amd64&amp;apos;, os.version: &amp;apos;10.0&amp;apos;, java.version: &amp;apos;17.0.3&amp;apos;
Driver info: io.appium.java_client.android.AndroidDriver
Command: [b2316a8c-84d0-474c-965d-51be4c8745a7, findElement {using=xpath, value=//android.widget.ImageButton[@content-desc=&amp;quot;Open&amp;quot;]}]
Capabilities {appium:app: D:\Notes\NSPOS\src\mPOS_3_.apk, appium:appPackage: com.ns.mpos.nukkadshops, appium:automationName: uiautomator2, appium:databaseEnabled: false, appium:desired: {app: D:\Notes\NSPOS\src\mPOS_3_.apk, automationName: uiautomator2, deviceName: Manoj Kumar Degala, platformName: android}, appium:deviceApiLevel: 29, appium:deviceManufacturer: HUAWEI, appium:deviceModel: JSN-L42, appium:deviceName: BYS3Y18B18001995, appium:deviceScreenDensity: 480, appium:deviceScreenSize: 1080x2340, appium:deviceUDID: BYS3Y18B18001995, appium:javascriptEnabled: true, appium:locationContextEnabled: false, appium:networkConnectionEnabled: true, appium:pixelRatio: 3, appium:platformVersion: 10, appium:statBarHeight: 85, appium:takesScreenshot: true, appium:viewportRect: {height: 2052, left: 0, top: 85, width: 1080}, appium:warnings: {}, appium:webStorageEnabled: false, platformName: ANDROID}
Session ID: b2316a8c-84d0-474c-965d-51be4c8745a7">
      <![CDATA[org.openqa.selenium.NoSuchElementException: An element could not be located on the page using the given search parameters.
For documentation on this error, please visit: https://selenium.dev/exceptions/#no_such_element
Build info: version: '4.3.0', revision: 'a4995e2c09*'
System info: host: 'DESKTOP-HCVDGHA', ip: '192.168.29.6', os.name: 'Windows 11', os.arch: 'amd64', os.version: '10.0', java.version: '17.0.3'
Driver info: io.appium.java_client.android.AndroidDriver
Command: [b2316a8c-84d0-474c-965d-51be4c8745a7, findElement {using=xpath, value=//android.widget.ImageButton[@content-desc="Open"]}]
Capabilities {appium:app: D:\Notes\NSPOS\src\mPOS_3_.apk, appium:appPackage: com.ns.mpos.nukkadshops, appium:automationName: uiautomator2, appium:databaseEnabled: false, appium:desired: {app: D:\Notes\NSPOS\src\mPOS_3_.apk, automationName: uiautomator2, deviceName: Manoj Kumar Degala, platformName: android}, appium:deviceApiLevel: 29, appium:deviceManufacturer: HUAWEI, appium:deviceModel: JSN-L42, appium:deviceName: BYS3Y18B18001995, appium:deviceScreenDensity: 480, appium:deviceScreenSize: 1080x2340, appium:deviceUDID: BYS3Y18B18001995, appium:javascriptEnabled: true, appium:locationContextEnabled: false, appium:networkConnectionEnabled: true, appium:pixelRatio: 3, appium:platformVersion: 10, appium:statBarHeight: 85, appium:takesScreenshot: true, appium:viewportRect: {height: 2052, left: 0, top: 85, width: 1080}, appium:warnings: {}, appium:webStorageEnabled: false, platformName: ANDROID}
Session ID: b2316a8c-84d0-474c-965d-51be4c8745a7
at org.openqa.selenium.remote.codec.w3c.W3CHttpResponseCodec.createException(W3CHttpResponseCodec.java:200)
at org.openqa.selenium.remote.codec.w3c.W3CHttpResponseCodec.decode(W3CHttpResponseCodec.java:133)
at org.openqa.selenium.remote.codec.w3c.W3CHttpResponseCodec.decode(W3CHttpResponseCodec.java:53)
at org.openqa.selenium.remote.HttpCommandExecutor.execute(HttpCommandExecutor.java:184)
at io.appium.java_client.remote.AppiumCommandExecutor.execute(AppiumCommandExecutor.java:180)
at org.openqa.selenium.remote.RemoteWebDriver.execute(RemoteWebDriver.java:569)
at org.openqa.selenium.remote.ElementLocation$ElementFinder$2.findElement(ElementLocation.java:162)
at org.openqa.selenium.remote.ElementLocation.findElement(ElementLocation.java:60)
at org.openqa.selenium.remote.RemoteWebDriver.findElement(RemoteWebDriver.java:387)
at org.openqa.selenium.remote.RemoteWebDriver.findElement(RemoteWebDriver.java:379)
at org.openqa.selenium.support.pagefactory.DefaultElementLocator.findElement(DefaultElementLocator.java:70)
at org.openqa.selenium.support.pagefactory.internal.LocatingElementHandler.invoke(LocatingElementHandler.java:39)
at jdk.proxy2/jdk.proxy2.$Proxy16.click(Unknown Source)
at PageObjects.MenuSelectionPage.Openslidermenu(MenuSelectionPage.java:83)
at PageObjects.MenuSelectionPage.Billing(MenuSelectionPage.java:164)
at Test.WholeSalePriceChangeTest.Wholesaleprice(WholeSalePriceChangeTest.java:28)
at java.base/java.util.ArrayList.forEach(ArrayList.java:1511)
... Removed 32 stack frames]]>
    </failure>
  </testcase> <!-- Wholesaleprice -->
  <testcase classname="Test.BaseClass" name="sampleTest" time="0.002"/>
  <testcase classname="Test.ValidLoginTest" name="LoginTest" time="12.621"/>
  <testcase classname="Test.SpecialPriceTypeTest" name="SpecialPrice" time="26.449"/>
</testsuite> <!-- Test -->
